<?xml version="1.0" encoding="UTF-8"?>
<testsuite xmlns:xsi="http://www.w3.org/2001/XMLSchema-instance" xsi:noNamespaceSchemaLocation="https://maven.apache.org/surefire/maven-surefire-plugin/xsd/surefire-test-report-3.0.xsd" version="3.0" name="sit.pawslink.PawlinksApplicationTests" time="3.141" tests="1" errors="0" skipped="0" failures="0">
  <properties>
[...]
</properties>
  <testcase name="contextLoads" classname="sit.pawslink.PawlinksApplicationTests" time="0.302">
    <system-out><![CDATA[16:57:36.098 [main] INFO org.springframework.test.context.support.AnnotationConfigContextLoaderUtils -- Could not detect default configuration classes for test class [sit.pawslink.PawlinksApplicationTests]: PawlinksApplicationTests does not declare any static, non-private, non-final, nested classes annotated with @Configuration.
16:57:36.145 [main] INFO org.springframework.boot.test.context.SpringBootTestContextBootstrapper -- Found @SpringBootConfiguration sit.pawslink.PawlinksApplication for test class sit.pawslink.PawlinksApplicationTests
16:57:36.205 [main] INFO org.springframework.boot.devtools.restart.RestartApplicationListener -- Restart disabled due to context in which it is running

  .   ____          _            __ _ _
 /\\ / ___'_ __ _ _(_)_ __  __ _ \ \ \ \
( ( )\___ | '_ | '_| | '_ \/ _` | \ \ \ \
 \\/  ___)| |_)| | | | | || (_| |  ) ) ) )
  '  |____| .__|_| |_|_| |_\__, | / / / /
 =========|_|==============|___/=/_/_/_/

 :: Spring Boot ::                (v3.3.6)

2025-03-09T16:57:36.330+07:00  INFO 60982 --- [           main] sit.pawslink.PawlinksApplicationTests    : Starting PawlinksApplicationTests using Java 22.0.1 with PID 60982 (started by 7sada in /Users/7sada/Documents/GitHub/pawslink-project/backend)
2025-03-09T16:57:36.331+07:00  INFO 60982 --- [           main] sit.pawslink.PawlinksApplicationTests    : No active profile set, falling back to 1 default profile: "default"
2025-03-09T16:57:36.567+07:00  INFO 60982 --- [           main] .s.d.r.c.RepositoryConfigurationDelegate : Bootstrapping Spring Data JPA repositories in DEFAULT mode.
2025-03-09T16:57:36.589+07:00  INFO 60982 --- [           main] .s.d.r.c.RepositoryConfigurationDelegate : Finished Spring Data repository scanning in 19 ms. Found 4 JPA repository interfaces.
2025-03-09T16:57:36.921+07:00  INFO 60982 --- [           main] o.hibernate.jpa.internal.util.LogHelper  : HHH000204: Processing PersistenceUnitInfo [name: default]
2025-03-09T16:57:36.956+07:00  INFO 60982 --- [           main] org.hibernate.Version                    : HHH000412: Hibernate ORM core version 6.5.3.Final
2025-03-09T16:57:36.970+07:00  INFO 60982 --- [           main] o.h.c.internal.RegionFactoryInitiator    : HHH000026: Second-level cache disabled
2025-03-09T16:57:37.085+07:00  INFO 60982 --- [           main] o.s.o.j.p.SpringPersistenceUnitInfo      : No LoadTimeWeaver setup: ignoring JPA class transformer
2025-03-09T16:57:37.096+07:00  INFO 60982 --- [           main] com.zaxxer.hikari.HikariDataSource       : HikariPool-1 - Starting...
2025-03-09T16:57:37.312+07:00  INFO 60982 --- [           main] com.zaxxer.hikari.pool.HikariPool        : HikariPool-1 - Added connection com.mysql.cj.jdbc.ConnectionImpl@1dd44289
2025-03-09T16:57:37.313+07:00  INFO 60982 --- [           main] com.zaxxer.hikari.HikariDataSource       : HikariPool-1 - Start completed.
2025-03-09T16:57:37.778+07:00  INFO 60982 --- [           main] o.h.e.t.j.p.i.JtaPlatformInitiator       : HHH000489: No JTA platform available (set 'hibernate.transaction.jta.platform' to enable JTA platform integration)
2025-03-09T16:57:37.779+07:00  INFO 60982 --- [           main] j.LocalContainerEntityManagerFactoryBean : Initialized JPA EntityManagerFactory for persistence unit 'default'
2025-03-09T16:57:37.947+07:00  INFO 60982 --- [           main] r$InitializeUserDetailsManagerConfigurer : Global AuthenticationManager configured with UserDetailsService bean with name jwtUserDetailsService
2025-03-09T16:57:38.190+07:00  INFO 60982 --- [           main] o.s.d.j.r.query.QueryEnhancerFactory     : Hibernate is in classpath; If applicable, HQL parser will be used.
2025-03-09T16:57:38.471+07:00  WARN 60982 --- [           main] JpaBaseConfiguration$JpaWebConfiguration : spring.jpa.open-in-view is enabled by default. Therefore, database queries may be performed during view rendering. Explicitly configure spring.jpa.open-in-view to disable this warning
2025-03-09T16:57:38.852+07:00  INFO 60982 --- [           main] o.s.m.s.b.SimpleBrokerMessageHandler     : Starting...
2025-03-09T16:57:38.852+07:00  INFO 60982 --- [           main] o.s.m.s.b.SimpleBrokerMessageHandler     : BrokerAvailabilityEvent[available=true, SimpleBrokerMessageHandler [org.springframework.messaging.simp.broker.DefaultSubscriptionRegistry@4a13a4ca]]
2025-03-09T16:57:38.853+07:00  INFO 60982 --- [           main] o.s.m.s.b.SimpleBrokerMessageHandler     : Started.
2025-03-09T16:57:38.856+07:00  INFO 60982 --- [           main] sit.pawslink.PawlinksApplicationTests    : Started PawlinksApplicationTests in 2.657 seconds (process running for 3.05)
]]></system-out>
    <system-err><![CDATA[WARNING: A Java agent has been loaded dynamically (/Users/7sada/.m2/repository/net/bytebuddy/byte-buddy-agent/1.14.19/byte-buddy-agent-1.14.19.jar)
WARNING: If a serviceability tool is in use, please run with -XX:+EnableDynamicAgentLoading to hide this warning
WARNING: If a serviceability tool is not in use, please run with -Djdk.instrument.traceUsage for more information
WARNING: Dynamic loading of agents will be disallowed by default in a future release
]]></system-err>
  </testcase>
</testsuite>